[debug] [2026-06-27T02:05:05.160Z] : 
[debug] [2026-06-27T02:05:05.178Z] : ----------------------------------------------------------------------
[debug] [2026-06-27T02:05:05.179Z] : Command:      C:\Program Files\nodejs\node.exe C:\Users\User\AppData\Roaming\npm\node_modules\zcatalyst-cli\lib\bin\catalyst.js deploy appsail --name dacfinal
[debug] [2026-06-27T02:05:05.179Z] : CLI Version:  1.26.1
[debug] [2026-06-27T02:05:05.179Z] : Platform:     win32
[debug] [2026-06-27T02:05:05.180Z] : Node Version: v24.12.0
[debug] [2026-06-27T02:05:05.180Z] : Time:         Sat Jun 27 2026 07:35:05 GMT+0530 (India Standard Time)
[debug] [2026-06-27T02:05:05.180Z] : ----------------------------------------------------------------------
[debug] [2026-06-27T02:05:05.180Z] : 
[debug] [2026-06-27T02:05:08.861Z] : > authorizing via signed-in user option
[debug] [2026-06-27T02:05:08.862Z] : > command requires scopes: ["ZohoCatalyst.projects.ALL","ZohoCatalyst.appsail.Update"]
[debug] [2026-06-27T02:05:08.927Z] : > refreshing access token <
[debug] [2026-06-27T02:05:08.936Z] : >>>> HTTP REQUEST : POST https://accounts.zoho.in/oauth/v2/token 
<request body omitted>

[debug] [2026-06-27T02:05:09.605Z] : <<<< HTTP RESPONSE : 200
Response Headers: {"server":"ZGS","date":"Sat, 27 Jun 2026 02:05:04 GMT","content-type":"application/json;charset=UTF-8","content-length":"2523","connection":"keep-alive","cache-control":"no-store","x-content-type-options":"nosniff","pragma":"no-cache","x-frame-options":"SAMEORIGIN","vary":"accept-encoding","content-language":"en-US","strict-transport-security":"max-age=64072000; includeSubDomains; preload"}

[debug] [2026-06-27T02:05:09.634Z] : >>>> HTTP REQUEST : GET https://api.catalyst.zoho.in/baas/v1/project/43446000000013049 

[debug] [2026-06-27T02:05:10.209Z] : <<<< HTTP RESPONSE : 200
Response Headers: {"server":"ZGS","date":"Sat, 27 Jun 2026 02:05:04 GMT","content-type":"application/vnd.catalyst.v2+json","transfer-encoding":"chunked","connection":"keep-alive","x-content-type-options":"nosniff","cache-control":"private,no-cache,no-store,max-age=0,must-revalidate","pragma":"no-cache","expires":"Thu, 01 Jan 1970 00:00:00 GMT","x-frame-options":"DENY","strict-transport-security":"max-age=64072000; includeSubDomains; preload"}

[debug] [2026-06-27T02:05:10.213Z] : >>>> HTTP REQUEST : GET https://api.catalyst.zoho.in/baas/v1/project/43446000000013049/environment 

[debug] [2026-06-27T02:05:10.393Z] : <<<< HTTP RESPONSE : 200
Response Headers: {"server":"ZGS","date":"Sat, 27 Jun 2026 02:05:04 GMT","content-type":"application/vnd.catalyst.v2+json","transfer-encoding":"chunked","connection":"keep-alive","x-content-type-options":"nosniff","cache-control":"private,no-cache,no-store,max-age=0,must-revalidate","pragma":"no-cache","expires":"Thu, 01 Jan 1970 00:00:00 GMT","x-frame-options":"DENY","strict-transport-security":"max-age=64072000; includeSubDomains; preload"}

[debug] [2026-06-27T02:05:10.439Z] : --source option not specified. Hence, using Catalyst runtime
[debug] [2026-06-27T02:05:21.927Z] : >>>> HTTP REQUEST : PUT https://api.catalyst.zoho.in/baas/v1/project/43446000000013049/appsail/upsert 

